<?xml version="1.0" encoding="UTF-8"?>
<!-- Generated by org.testng.reporters.JUnitReportReporter -->
<testsuite skipped="0" hostname="DELL" name="runner.RunCucumberTest" tests="2" failures="0" timestamp="2022-08-21T15:52:36 IST" time="53.496" errors="0">
  <testcase name="runScenario" time="23.408" classname="runner.RunCucumberTest"/>
  <system-out/>
  <testcase name="runScenario" time="30.088" classname="runner.RunCucumberTest"/>
  <system-out/>
</testsuite> <!-- runner.RunCucumberTest -->
